[21-Jan-2021 15:28:03] NOTICE: fpm is running, pid 7992
[21-Jan-2021 15:28:03] NOTICE: ready to handle connections
[28-Jan-2021 10:07:23] NOTICE: Terminating ...
[28-Jan-2021 10:07:23] NOTICE: Terminating ...
[28-Jan-2021 10:07:23] NOTICE: exiting, bye-bye!
[02-Feb-2021 20:33:17] NOTICE: fpm is running, pid 49998
[02-Feb-2021 20:33:17] NOTICE: ready to handle connections
[02-Feb-2021 20:34:45] NOTICE: Terminating ...
[02-Feb-2021 20:34:45] NOTICE: Terminating ...
[02-Feb-2021 20:34:45] NOTICE: exiting, bye-bye!
[02-Feb-2021 20:51:17] NOTICE: fpm is running, pid 51134
[02-Feb-2021 20:51:17] NOTICE: ready to handle connections
[03-Feb-2021 16:10:49] NOTICE: Terminating ...
[03-Feb-2021 16:10:49] NOTICE: Terminating ...
[03-Feb-2021 16:10:49] NOTICE: exiting, bye-bye!
[05-Feb-2021 12:31:14] NOTICE: fpm is running, pid 31596
[05-Feb-2021 12:31:14] NOTICE: ready to handle connections
[08-Feb-2021 10:51:13] NOTICE: Terminating ...
[08-Feb-2021 10:51:13] NOTICE: Terminating ...
[08-Feb-2021 10:51:13] NOTICE: exiting, bye-bye!
[08-Feb-2021 12:57:27] NOTICE: fpm is running, pid 4365
[08-Feb-2021 12:57:27] NOTICE: ready to handle connections
[09-Feb-2021 13:46:34] NOTICE: Terminating ...
[09-Feb-2021 13:46:34] NOTICE: Terminating ...
[09-Feb-2021 13:46:34] NOTICE: exiting, bye-bye!
[09-Feb-2021 13:46:38] NOTICE: fpm is running, pid 32298
[09-Feb-2021 13:46:38] NOTICE: ready to handle connections
[09-Feb-2021 14:09:16] NOTICE: Terminating ...
[09-Feb-2021 14:09:16] NOTICE: Terminating ...
[09-Feb-2021 14:09:16] NOTICE: exiting, bye-bye!
[09-Feb-2021 14:09:20] NOTICE: fpm is running, pid 33158
[09-Feb-2021 14:09:20] NOTICE: ready to handle connections
[09-Feb-2021 14:12:29] NOTICE: Terminating ...
[09-Feb-2021 14:12:29] NOTICE: Terminating ...
[09-Feb-2021 14:12:29] NOTICE: exiting, bye-bye!
[09-Feb-2021 14:14:20] NOTICE: fpm is running, pid 33448
[09-Feb-2021 14:14:20] NOTICE: ready to handle connections
[09-Feb-2021 14:15:04] NOTICE: Terminating ...
[09-Feb-2021 14:15:04] NOTICE: Terminating ...
[09-Feb-2021 14:15:04] NOTICE: exiting, bye-bye!
[09-Feb-2021 14:17:21] NOTICE: fpm is running, pid 845
[09-Feb-2021 14:17:21] NOTICE: ready to handle connections
[17-Feb-2021 09:33:58] NOTICE: Terminating ...
[17-Feb-2021 09:33:58] NOTICE: Terminating ...
[17-Feb-2021 09:33:58] NOTICE: exiting, bye-bye!
